<?xml version="1.0" encoding="UTF-8"?>
<testng-results ignored="0" total="3" passed="0" failed="0" skipped="3">
  <reporter-output>
  </reporter-output>
  <suite started-at="2024-06-20T00:54:38 IST" name="Regression" finished-at="2024-06-20T00:54:42 IST" duration-ms="4517">
    <groups>
    </groups>
    <test started-at="2024-06-20T00:54:38 IST" name="Compare Selenium Data with Appium OCR Data" finished-at="2024-06-20T00:54:42 IST" duration-ms="4517">
      <class name="com.TestScripts.TS002_GetTheDataOfProductListPageFromScreenshotUsingAppium">
        <test-method is-config="true" signature="OpenTheAmazonApplication()[pri:0, instance:com.TestScripts.TS002_GetTheDataOfProductListPageFromScreenshotUsingAppium@7a6d7e92]" started-at="2024-06-20T00:54:42 IST" name="OpenTheAmazonApplication" finished-at="2024-06-20T00:54:42 IST" duration-ms="0" status="SKIP">
          <reporter-output>
          </reporter-output>
        </test-method> <!-- OpenTheAmazonApplication -->
        <test-method signature="GetTheScreenShotOfTheProductListPage()[pri:0, instance:com.TestScripts.TS002_GetTheDataOfProductListPageFromScreenshotUsingAppium@7a6d7e92]" started-at="2024-06-20T00:54:42 IST" name="GetTheScreenShotOfTheProductListPage" finished-at="2024-06-20T00:54:42 IST" duration-ms="0" status="SKIP">
          <exception class="java.lang.NullPointerException">
            <full-stacktrace>
              <![CDATA[java.lang.NullPointerException
at java.base/java.util.Objects.requireNonNull(Objects.java:208)
at java.base/java.util.ImmutableCollections$Map1.<init>(ImmutableCollections.java:1105)
at java.base/java.util.Map.of(Map.java:1353)
at org.openqa.selenium.remote.DriverCommand.GET(DriverCommand.java:180)
at org.openqa.selenium.remote.RemoteWebDriver.get(RemoteWebDriver.java:301)
at com.TestScripts.TS001_GetTheSearchedHindiBookNamePriceRatingInSeleniumWedAutomation.open_Browser_And_Navigate_To_Amazon_Website(TS001_GetTheSearchedHindiBookNamePriceRatingInSeleniumWedAutomation.java:33)
at java.base/jdk.internal.reflect.NativeMethodAccessorImpl.invoke0(Native Method)
at java.base/jdk.internal.reflect.NativeMethodAccessorImpl.invoke(NativeMethodAccessorImpl.java:77)
at java.base/jdk.internal.reflect.DelegatingMethodAccessorImpl.invoke(DelegatingMethodAccessorImpl.java:43)
at java.base/java.lang.reflect.Method.invoke(Method.java:568)
at org.testng.internal.invokers.MethodInvocationHelper.invokeMethod(MethodInvocationHelper.java:139)
at org.testng.internal.invokers.MethodInvocationHelper.invokeMethodConsideringTimeout(MethodInvocationHelper.java:69)
at org.testng.internal.invokers.ConfigInvoker.invokeConfigurationMethod(ConfigInvoker.java:393)
at org.testng.internal.invokers.ConfigInvoker.invokeConfigurations(ConfigInvoker.java:326)
at org.testng.TestRunner.invokeTestConfigurations(TestRunner.java:661)
at org.testng.TestRunner.beforeRun(TestRunner.java:650)
at org.testng.TestRunner.run(TestRunner.java:612)
at org.testng.SuiteRunner.runTest(SuiteRunner.java:443)
at org.testng.SuiteRunner.runSequentially(SuiteRunner.java:437)
at org.testng.SuiteRunner.privateRun(SuiteRunner.java:397)
at org.testng.SuiteRunner.run(SuiteRunner.java:336)
at org.testng.SuiteRunnerWorker.runSuite(SuiteRunnerWorker.java:52)
at org.testng.SuiteRunnerWorker.run(SuiteRunnerWorker.java:95)
at org.testng.TestNG.runSuitesSequentially(TestNG.java:1301)
at org.testng.TestNG.runSuitesLocally(TestNG.java:1228)
at org.testng.TestNG.runSuites(TestNG.java:1134)
at org.testng.TestNG.run(TestNG.java:1101)
at org.testng.remote.AbstractRemoteTestNG.run(AbstractRemoteTestNG.java:115)
at org.testng.remote.RemoteTestNG.initAndRun(RemoteTestNG.java:251)
at org.testng.remote.RemoteTestNG.main(RemoteTestNG.java:77)
]]>
            </full-stacktrace>
          </exception> <!-- java.lang.NullPointerException -->
          <reporter-output>
          </reporter-output>
        </test-method> <!-- GetTheScreenShotOfTheProductListPage -->
        <test-method is-config="true" signature="CloseTheApplication()[pri:0, instance:com.TestScripts.TS002_GetTheDataOfProductListPageFromScreenshotUsingAppium@7a6d7e92]" started-at="2024-06-20T00:54:42 IST" name="CloseTheApplication" finished-at="2024-06-20T00:54:42 IST" duration-ms="0" status="SKIP">
          <reporter-output>
          </reporter-output>
        </test-method> <!-- CloseTheApplication -->
      </class> <!-- com.TestScripts.TS002_GetTheDataOfProductListPageFromScreenshotUsingAppium -->
      <class name="com.TestScripts.TS003_CompareDataAndGenerateReport">
        <test-method is-config="true" signature="setup()[pri:0, instance:com.TestScripts.TS003_CompareDataAndGenerateReport@aba625]" started-at="2024-06-20T00:54:42 IST" name="setup" finished-at="2024-06-20T00:54:42 IST" duration-ms="0" status="SKIP">
          <reporter-output>
          </reporter-output>
        </test-method> <!-- setup -->
        <test-method signature="compareData()[pri:0, instance:com.TestScripts.TS003_CompareDataAndGenerateReport@aba625]" started-at="2024-06-20T00:54:42 IST" name="compareData" finished-at="2024-06-20T00:54:42 IST" depends-on-methods="com.TestScripts.TS002_GetTheDataOfProductListPageFromScreenshotUsingAppium.GetTheScreenShotOfTheProductListPage, com.TestScripts.TS001_GetTheSearchedHindiBookNamePriceRatingInSeleniumWedAutomation.get_All_The_BooksName_Price_Review_In_Product_List_Page" duration-ms="0" status="SKIP">
          <exception class="java.lang.NullPointerException">
            <full-stacktrace>
              <![CDATA[java.lang.NullPointerException
at java.base/java.util.Objects.requireNonNull(Objects.java:208)
at java.base/java.util.ImmutableCollections$Map1.<init>(ImmutableCollections.java:1105)
at java.base/java.util.Map.of(Map.java:1353)
at org.openqa.selenium.remote.DriverCommand.GET(DriverCommand.java:180)
at org.openqa.selenium.remote.RemoteWebDriver.get(RemoteWebDriver.java:301)
at com.TestScripts.TS001_GetTheSearchedHindiBookNamePriceRatingInSeleniumWedAutomation.open_Browser_And_Navigate_To_Amazon_Website(TS001_GetTheSearchedHindiBookNamePriceRatingInSeleniumWedAutomation.java:33)
at java.base/jdk.internal.reflect.NativeMethodAccessorImpl.invoke0(Native Method)
at java.base/jdk.internal.reflect.NativeMethodAccessorImpl.invoke(NativeMethodAccessorImpl.java:77)
at java.base/jdk.internal.reflect.DelegatingMethodAccessorImpl.invoke(DelegatingMethodAccessorImpl.java:43)
at java.base/java.lang.reflect.Method.invoke(Method.java:568)
at org.testng.internal.invokers.MethodInvocationHelper.invokeMethod(MethodInvocationHelper.java:139)
at org.testng.internal.invokers.MethodInvocationHelper.invokeMethodConsideringTimeout(MethodInvocationHelper.java:69)
at org.testng.internal.invokers.ConfigInvoker.invokeConfigurationMethod(ConfigInvoker.java:393)
at org.testng.internal.invokers.ConfigInvoker.invokeConfigurations(ConfigInvoker.java:326)
at org.testng.TestRunner.invokeTestConfigurations(TestRunner.java:661)
at org.testng.TestRunner.beforeRun(TestRunner.java:650)
at org.testng.TestRunner.run(TestRunner.java:612)
at org.testng.SuiteRunner.runTest(SuiteRunner.java:443)
at org.testng.SuiteRunner.runSequentially(SuiteRunner.java:437)
at org.testng.SuiteRunner.privateRun(SuiteRunner.java:397)
at org.testng.SuiteRunner.run(SuiteRunner.java:336)
at org.testng.SuiteRunnerWorker.runSuite(SuiteRunnerWorker.java:52)
at org.testng.SuiteRunnerWorker.run(SuiteRunnerWorker.java:95)
at org.testng.TestNG.runSuitesSequentially(TestNG.java:1301)
at org.testng.TestNG.runSuitesLocally(TestNG.java:1228)
at org.testng.TestNG.runSuites(TestNG.java:1134)
at org.testng.TestNG.run(TestNG.java:1101)
at org.testng.remote.AbstractRemoteTestNG.run(AbstractRemoteTestNG.java:115)
at org.testng.remote.RemoteTestNG.initAndRun(RemoteTestNG.java:251)
at org.testng.remote.RemoteTestNG.main(RemoteTestNG.java:77)
]]>
            </full-stacktrace>
          </exception> <!-- java.lang.NullPointerException -->
          <reporter-output>
          </reporter-output>
        </test-method> <!-- compareData -->
        <test-method is-config="true" signature="teardown()[pri:0, instance:com.TestScripts.TS003_CompareDataAndGenerateReport@aba625]" started-at="2024-06-20T00:54:42 IST" name="teardown" finished-at="2024-06-20T00:54:42 IST" duration-ms="0" status="SKIP">
          <reporter-output>
          </reporter-output>
        </test-method> <!-- teardown -->
      </class> <!-- com.TestScripts.TS003_CompareDataAndGenerateReport -->
      <class name="com.TestScripts.TS001_GetTheSearchedHindiBookNamePriceRatingInSeleniumWedAutomation">
        <test-method is-config="true" signature="open_Browser_And_Navigate_To_Amazon_Website()[pri:0, instance:com.TestScripts.TS001_GetTheSearchedHindiBookNamePriceRatingInSeleniumWedAutomation@25df00a0]" started-at="2024-06-20T00:54:38 IST" name="open_Browser_And_Navigate_To_Amazon_Website" finished-at="2024-06-20T00:54:42 IST" duration-ms="4362" status="FAIL">
          <exception class="java.lang.NullPointerException">
            <full-stacktrace>
              <![CDATA[java.lang.NullPointerException
at java.base/java.util.Objects.requireNonNull(Objects.java:208)
at java.base/java.util.ImmutableCollections$Map1.<init>(ImmutableCollections.java:1105)
at java.base/java.util.Map.of(Map.java:1353)
at org.openqa.selenium.remote.DriverCommand.GET(DriverCommand.java:180)
at org.openqa.selenium.remote.RemoteWebDriver.get(RemoteWebDriver.java:301)
at com.TestScripts.TS001_GetTheSearchedHindiBookNamePriceRatingInSeleniumWedAutomation.open_Browser_And_Navigate_To_Amazon_Website(TS001_GetTheSearchedHindiBookNamePriceRatingInSeleniumWedAutomation.java:33)
at java.base/jdk.internal.reflect.NativeMethodAccessorImpl.invoke0(Native Method)
at java.base/jdk.internal.reflect.NativeMethodAccessorImpl.invoke(NativeMethodAccessorImpl.java:77)
at java.base/jdk.internal.reflect.DelegatingMethodAccessorImpl.invoke(DelegatingMethodAccessorImpl.java:43)
at java.base/java.lang.reflect.Method.invoke(Method.java:568)
at org.testng.internal.invokers.MethodInvocationHelper.invokeMethod(MethodInvocationHelper.java:139)
at org.testng.internal.invokers.MethodInvocationHelper.invokeMethodConsideringTimeout(MethodInvocationHelper.java:69)
at org.testng.internal.invokers.ConfigInvoker.invokeConfigurationMethod(ConfigInvoker.java:393)
at org.testng.internal.invokers.ConfigInvoker.invokeConfigurations(ConfigInvoker.java:326)
at org.testng.TestRunner.invokeTestConfigurations(TestRunner.java:661)
at org.testng.TestRunner.beforeRun(TestRunner.java:650)
at org.testng.TestRunner.run(TestRunner.java:612)
at org.testng.SuiteRunner.runTest(SuiteRunner.java:443)
at org.testng.SuiteRunner.runSequentially(SuiteRunner.java:437)
at org.testng.SuiteRunner.privateRun(SuiteRunner.java:397)
at org.testng.SuiteRunner.run(SuiteRunner.java:336)
at org.testng.SuiteRunnerWorker.runSuite(SuiteRunnerWorker.java:52)
at org.testng.SuiteRunnerWorker.run(SuiteRunnerWorker.java:95)
at org.testng.TestNG.runSuitesSequentially(TestNG.java:1301)
at org.testng.TestNG.runSuitesLocally(TestNG.java:1228)
at org.testng.TestNG.runSuites(TestNG.java:1134)
at org.testng.TestNG.run(TestNG.java:1101)
at org.testng.remote.AbstractRemoteTestNG.run(AbstractRemoteTestNG.java:115)
at org.testng.remote.RemoteTestNG.initAndRun(RemoteTestNG.java:251)
at org.testng.remote.RemoteTestNG.main(RemoteTestNG.java:77)
]]>
            </full-stacktrace>
          </exception> <!-- java.lang.NullPointerException -->
          <reporter-output>
          </reporter-output>
        </test-method> <!-- open_Browser_And_Navigate_To_Amazon_Website -->
        <test-method signature="get_All_The_BooksName_Price_Review_In_Product_List_Page()[pri:0, instance:com.TestScripts.TS001_GetTheSearchedHindiBookNamePriceRatingInSeleniumWedAutomation@25df00a0]" started-at="2024-06-20T00:54:42 IST" name="get_All_The_BooksName_Price_Review_In_Product_List_Page" finished-at="2024-06-20T00:54:42 IST" duration-ms="0" status="SKIP">
          <exception class="java.lang.NullPointerException">
            <full-stacktrace>
              <![CDATA[java.lang.NullPointerException
at java.base/java.util.Objects.requireNonNull(Objects.java:208)
at java.base/java.util.ImmutableCollections$Map1.<init>(ImmutableCollections.java:1105)
at java.base/java.util.Map.of(Map.java:1353)
at org.openqa.selenium.remote.DriverCommand.GET(DriverCommand.java:180)
at org.openqa.selenium.remote.RemoteWebDriver.get(RemoteWebDriver.java:301)
at com.TestScripts.TS001_GetTheSearchedHindiBookNamePriceRatingInSeleniumWedAutomation.open_Browser_And_Navigate_To_Amazon_Website(TS001_GetTheSearchedHindiBookNamePriceRatingInSeleniumWedAutomation.java:33)
at java.base/jdk.internal.reflect.NativeMethodAccessorImpl.invoke0(Native Method)
at java.base/jdk.internal.reflect.NativeMethodAccessorImpl.invoke(NativeMethodAccessorImpl.java:77)
at java.base/jdk.internal.reflect.DelegatingMethodAccessorImpl.invoke(DelegatingMethodAccessorImpl.java:43)
at java.base/java.lang.reflect.Method.invoke(Method.java:568)
at org.testng.internal.invokers.MethodInvocationHelper.invokeMethod(MethodInvocationHelper.java:139)
at org.testng.internal.invokers.MethodInvocationHelper.invokeMethodConsideringTimeout(MethodInvocationHelper.java:69)
at org.testng.internal.invokers.ConfigInvoker.invokeConfigurationMethod(ConfigInvoker.java:393)
at org.testng.internal.invokers.ConfigInvoker.invokeConfigurations(ConfigInvoker.java:326)
at org.testng.TestRunner.invokeTestConfigurations(TestRunner.java:661)
at org.testng.TestRunner.beforeRun(TestRunner.java:650)
at org.testng.TestRunner.run(TestRunner.java:612)
at org.testng.SuiteRunner.runTest(SuiteRunner.java:443)
at org.testng.SuiteRunner.runSequentially(SuiteRunner.java:437)
at org.testng.SuiteRunner.privateRun(SuiteRunner.java:397)
at org.testng.SuiteRunner.run(SuiteRunner.java:336)
at org.testng.SuiteRunnerWorker.runSuite(SuiteRunnerWorker.java:52)
at org.testng.SuiteRunnerWorker.run(SuiteRunnerWorker.java:95)
at org.testng.TestNG.runSuitesSequentially(TestNG.java:1301)
at org.testng.TestNG.runSuitesLocally(TestNG.java:1228)
at org.testng.TestNG.runSuites(TestNG.java:1134)
at org.testng.TestNG.run(TestNG.java:1101)
at org.testng.remote.AbstractRemoteTestNG.run(AbstractRemoteTestNG.java:115)
at org.testng.remote.RemoteTestNG.initAndRun(RemoteTestNG.java:251)
at org.testng.remote.RemoteTestNG.main(RemoteTestNG.java:77)
]]>
            </full-stacktrace>
          </exception> <!-- java.lang.NullPointerException -->
          <reporter-output>
          </reporter-output>
        </test-method> <!-- get_All_The_BooksName_Price_Review_In_Product_List_Page -->
        <test-method is-config="true" signature="TearDownTheDriver()[pri:0, instance:com.TestScripts.TS001_GetTheSearchedHindiBookNamePriceRatingInSeleniumWedAutomation@25df00a0]" started-at="2024-06-20T00:54:42 IST" name="TearDownTheDriver" finished-at="2024-06-20T00:54:42 IST" duration-ms="0" status="SKIP">
          <reporter-output>
          </reporter-output>
        </test-method> <!-- TearDownTheDriver -->
      </class> <!-- com.TestScripts.TS001_GetTheSearchedHindiBookNamePriceRatingInSeleniumWedAutomation -->
    </test> <!-- Compare Selenium Data with Appium OCR Data -->
  </suite> <!-- Regression -->
</testng-results>
