<?xml version="1.0" encoding="UTF-8"?>
<testsuite xmlns:xsi="http://www.w3.org/2001/XMLSchema-instance" xsi:noNamespaceSchemaLocation="https://maven.apache.org/surefire/maven-surefire-plugin/xsd/surefire-test-report-3.0.xsd" version="3.0" name="TestSuite" time="60.596" tests="3" errors="0" skipped="0" failures="0">
  <properties>
[...]
</properties>
  <testcase name="get_All_The_BooksName_Price_Review_In_Product_List_Page" classname="com.TestScripts.TS001_GetTheSearchedHindiBookNamePriceRatingInSeleniumWedAutomation" time="16.098">
    <system-out><![CDATA[2024-06-20 00:47:34,363 - Get The Scraped Data Of Searched Book - INFO - Browser Opened Successfully
2024-06-20 00:47:36,927 - Get The Scraped Data Of Searched Book - INFO - Successfully Navigated to Amazon url 
2024-06-20 00:47:49,119 - Get The Scraped Data Of Screenshot - INFO - Sucessfully Opend amazon Apllication
2024-06-20 00:47:49,808 - Compare Data and Generate Report - INFO - The Amazon Logo Is Having aria-label Attribut and Text Is Amazon.in
2024-06-20 00:47:50,206 - Compare Data and Generate Report - INFO - Successfully Clicked On the Search Text field
2024-06-20 00:47:50,509 - Compare Data and Generate Report - INFO - Successfully Entred Hindi Books into Search Text field
2024-06-20 00:47:53,699 - Compare Data and Generate Report - INFO - Successfully Clicked On the Search Icon
2024-06-20 00:47:53,795 - Compare Data and Generate Report - INFO - Successfully Waited till Product List Page Loads
2024-06-20 00:47:54,002 - Compare Data and Generate Report - INFO - Successfully Fetched 22 Number of Product in Product List Page
2024-06-20 00:47:54,072 - Compare Data and Generate Report - INFO - Successfully scroll Till Book 1 Name
2024-06-20 00:47:54,280 - Compare Data and Generate Report - INFO - The Book 1 Name is Ajey Hum : Insano ne Kaise Jeeti Duniya - Vol 1 (Hindi of Unstoppable Us)
2024-06-20 00:47:54,405 - Compare Data and Generate Report - INFO - The Book 1 Price is 499
2024-06-20 00:47:54,479 - Compare Data and Generate Report - INFO - The Book 1 Review Rating is 3.7 out of 5 stars
2024-06-20 00:47:54,479 - Compare Data and Generate Report - INFO - Successfully Stored Book 1 Deatils in The Key Value pair 
2024-06-20 00:47:54,537 - Compare Data and Generate Report - INFO - Successfully scroll Till Book 2 Name
2024-06-20 00:47:54,638 - Compare Data and Generate Report - INFO - The Book 2 Name is Karamati Mann Hindi ( Translation oF The Magic Mindset ) Preeti Shenoy
2024-06-20 00:47:54,707 - Compare Data and Generate Report - INFO - The Book 2 Price is 249
2024-06-20 00:47:54,763 - Compare Data and Generate Report - INFO - The Book 2 Review Rating is 5.0 out of 5 stars
2024-06-20 00:47:54,763 - Compare Data and Generate Report - INFO - Successfully Stored Book 2 Deatils in The Key Value pair 
2024-06-20 00:47:54,951 - Compare Data and Generate Report - INFO - Successfully scroll Till Book 3 Name
2024-06-20 00:47:55,039 - Compare Data and Generate Report - INFO - The Book 3 Name is Best of Hindi Short Stories (Set of 4 books) - Premchand, Jaishankar Prasad, Sarat Chandra, Rabindranath Tagore
2024-06-20 00:47:55,139 - Compare Data and Generate Report - INFO - The Book 3 Price is 404
2024-06-20 00:47:55,270 - Compare Data and Generate Report - INFO - The Book 3 Review Rating is 4.4 out of 5 stars
2024-06-20 00:47:55,271 - Compare Data and Generate Report - INFO - Successfully Stored Book 3 Deatils in The Key Value pair 
2024-06-20 00:47:55,327 - Compare Data and Generate Report - INFO - Successfully scroll Till Book 4 Name
2024-06-20 00:47:55,408 - Compare Data and Generate Report - INFO - The Book 4 Name is Premchand ki Anmol Kahaniya (Hindi)
2024-06-20 00:47:55,467 - Compare Data and Generate Report - INFO - The Book 4 Price is 179
2024-06-20 00:47:55,509 - Compare Data and Generate Report - INFO - The Book 4 Review Rating is 4.3 out of 5 stars
2024-06-20 00:47:55,509 - Compare Data and Generate Report - INFO - Successfully Stored Book 4 Deatils in The Key Value pair 
2024-06-20 00:47:55,580 - Compare Data and Generate Report - INFO - Successfully scroll Till Book 5 Name
2024-06-20 00:47:55,666 - Compare Data and Generate Report - INFO - The Book 5 Name is Dark Psychology Secrets & Manipulation (Hindi Edition)
2024-06-20 00:47:55,729 - Compare Data and Generate Report - INFO - The Book 5 Price is 128
2024-06-20 00:47:55,785 - Compare Data and Generate Report - INFO - The Book 5 Review Rating is 3.9 out of 5 stars
2024-06-20 00:47:55,785 - Compare Data and Generate Report - INFO - Successfully Stored Book 5 Deatils in The Key Value pair 
2024-06-20 00:47:55,826 - Compare Data and Generate Report - INFO - Successfully scroll Till Book 6 Name
2024-06-20 00:47:55,894 - Compare Data and Generate Report - INFO - The Book 6 Name is JEEVAN KE ADHBHUT RAHASYA (HINDI)
2024-06-20 00:47:55,941 - Compare Data and Generate Report - INFO - The Book 6 Price is 149
2024-06-20 00:47:55,984 - Compare Data and Generate Report - INFO - The Book 6 Review Rating is 4.5 out of 5 stars
2024-06-20 00:47:55,984 - Compare Data and Generate Report - INFO - Successfully Stored Book 6 Deatils in The Key Value pair 
2024-06-20 00:47:56,031 - Compare Data and Generate Report - INFO - Successfully scroll Till Book 7 Name
2024-06-20 00:47:56,080 - Compare Data and Generate Report - INFO - The Book 7 Name is Time Management (Hindi)
2024-06-20 00:47:56,132 - Compare Data and Generate Report - INFO - The Book 7 Price is 108
2024-06-20 00:47:56,175 - Compare Data and Generate Report - INFO - The Book 7 Review Rating is 4.4 out of 5 stars
2024-06-20 00:47:56,175 - Compare Data and Generate Report - INFO - Successfully Stored Book 7 Deatils in The Key Value pair 
2024-06-20 00:47:56,236 - Compare Data and Generate Report - INFO - Successfully scroll Till Book 8 Name
2024-06-20 00:47:56,315 - Compare Data and Generate Report - INFO - The Book 8 Name is Hindi | Stop Overthinking | ????? ?????????? | ?????? ????? ??? ????? | Nick Trenton
2024-06-20 00:47:56,377 - Compare Data and Generate Report - INFO - The Book 8 Price is 184
2024-06-20 00:47:56,451 - Compare Data and Generate Report - INFO - The Book 8 Review Rating is 4.1 out of 5 stars
2024-06-20 00:47:56,451 - Compare Data and Generate Report - INFO - Successfully Stored Book 8 Deatils in The Key Value pair 
2024-06-20 00:47:56,523 - Compare Data and Generate Report - INFO - Successfully scroll Till Book 9 Name
2024-06-20 00:47:56,575 - Compare Data and Generate Report - INFO - The Book 9 Name is Aapke Avchetan Mann Ki Shakti (The Power Of Your Subconscious Mind In Hindi)
2024-06-20 00:47:56,633 - Compare Data and Generate Report - INFO - The Book 9 Price is 149
2024-06-20 00:47:56,675 - Compare Data and Generate Report - INFO - The Book 9 Review Rating is 4.4 out of 5 stars
2024-06-20 00:47:56,675 - Compare Data and Generate Report - INFO - Successfully Stored Book 9 Deatils in The Key Value pair 
2024-06-20 00:47:56,797 - Compare Data and Generate Report - INFO - Successfully scroll Till Book 10 Name
2024-06-20 00:47:56,900 - Compare Data and Generate Report - INFO - The Book 10 Name is Swami Vivekanand (Set of 4 Books) (Hindi) - Karmyog, Rajyog, Gyanyog, Bhaktiyog
2024-06-20 00:47:56,975 - Compare Data and Generate Report - INFO - The Book 10 Price is 425
2024-06-20 00:47:57,017 - Compare Data and Generate Report - INFO - The Book 10 Review Rating is 4.6 out of 5 stars
2024-06-20 00:47:57,017 - Compare Data and Generate Report - INFO - Successfully Stored Book 10 Deatils in The Key Value pair 
2024-06-20 00:47:57,067 - Compare Data and Generate Report - INFO - Successfully scroll Till Book 11 Name
2024-06-20 00:47:57,156 - Compare Data and Generate Report - INFO - The Book 11 Name is Think and Grow Rich: THE 21st CENTURY EDITION
2024-06-20 00:47:57,203 - Compare Data and Generate Report - INFO - The Book 11 Price is 139
2024-06-20 00:47:57,250 - Compare Data and Generate Report - INFO - The Book 11 Review Rating is 4.5 out of 5 stars
2024-06-20 00:47:57,251 - Compare Data and Generate Report - INFO - Successfully Stored Book 11 Deatils in The Key Value pair 
2024-06-20 00:47:57,328 - Compare Data and Generate Report - INFO - Successfully scroll Till Book 12 Name
2024-06-20 00:47:57,394 - Compare Data and Generate Report - INFO - The Book 12 Name is Unfollow
2024-06-20 00:47:57,451 - Compare Data and Generate Report - INFO - The Book 12 Price is 1,424
2024-06-20 00:47:57,506 - Compare Data and Generate Report - INFO - The Book 12 Review Rating is 4.5 out of 5 stars
2024-06-20 00:47:57,507 - Compare Data and Generate Report - INFO - Successfully Stored Book 12 Deatils in The Key Value pair 
2024-06-20 00:47:57,579 - Compare Data and Generate Report - INFO - Successfully scroll Till Book 13 Name
2024-06-20 00:47:57,644 - Compare Data and Generate Report - INFO - The Book 13 Name is 108 Stories from the Vedas, the Puranas and the Upanishads for Children (Illustrated) (Hindi) - Story Book for Kids - Bedtime Stories - 4 Years to 10 Years Old - Hindi Stories for Children - Read Aloud to Infants, Toddlers
2024-06-20 00:47:57,700 - Compare Data and Generate Report - INFO - The Book 13 Price is 133
2024-06-20 00:47:57,772 - Compare Data and Generate Report - INFO - The Book 13 Review Rating is 4.4 out of 5 stars
2024-06-20 00:47:57,774 - Compare Data and Generate Report - INFO - Successfully Stored Book 13 Deatils in The Key Value pair 
2024-06-20 00:47:57,850 - Compare Data and Generate Report - INFO - Successfully scroll Till Book 14 Name
2024-06-20 00:47:57,920 - Compare Data and Generate Report - INFO - The Book 14 Name is Anandamath (Hindi)
2024-06-20 00:47:57,975 - Compare Data and Generate Report - INFO - The Book 14 Price is 119
2024-06-20 00:47:58,022 - Compare Data and Generate Report - INFO - The Book 14 Review Rating is 4.5 out of 5 stars
2024-06-20 00:47:58,022 - Compare Data and Generate Report - INFO - Successfully Stored Book 14 Deatils in The Key Value pair 
2024-06-20 00:47:58,079 - Compare Data and Generate Report - INFO - Successfully scroll Till Book 15 Name
2024-06-20 00:47:58,129 - Compare Data and Generate Report - INFO - The Book 15 Name is Premchand Ki Shreshth Kahaniyan (Hindi)
2024-06-20 00:47:58,175 - Compare Data and Generate Report - INFO - The Book 15 Price is 159
2024-06-20 00:47:58,216 - Compare Data and Generate Report - INFO - The Book 15 Review Rating is 4.3 out of 5 stars
2024-06-20 00:47:58,217 - Compare Data and Generate Report - INFO - Successfully Stored Book 15 Deatils in The Key Value pair 
2024-06-20 00:47:58,272 - Compare Data and Generate Report - INFO - Successfully scroll Till Book 16 Name
2024-06-20 00:47:58,319 - Compare Data and Generate Report - INFO - The Book 16 Name is Rashmirathi (Jnanpith Award Winner, 1972) - Hindi
2024-06-20 00:47:58,367 - Compare Data and Generate Report - INFO - The Book 16 Price is 195
2024-06-20 00:47:58,423 - Compare Data and Generate Report - INFO - The Book 16 Review Rating is 4.7 out of 5 stars
2024-06-20 00:47:58,423 - Compare Data and Generate Report - INFO - Successfully Stored Book 16 Deatils in The Key Value pair 
2024-06-20 00:47:58,524 - Compare Data and Generate Report - INFO - Successfully scroll Till Book 17 Name
2024-06-20 00:47:58,586 - Compare Data and Generate Report - INFO - The Book 17 Name is Ikigai (Hindi)
2024-06-20 00:47:58,708 - Compare Data and Generate Report - INFO - The Book 17 Price is 284
2024-06-20 00:47:58,948 - Compare Data and Generate Report - INFO - The Book 17 Review Rating is 4.5 out of 5 stars
2024-06-20 00:47:58,948 - Compare Data and Generate Report - INFO - Successfully Stored Book 17 Deatils in The Key Value pair 
2024-06-20 00:47:59,241 - Compare Data and Generate Report - INFO - Successfully scroll Till Book 18 Name
2024-06-20 00:47:59,352 - Compare Data and Generate Report - INFO - The Book 18 Name is Wings of Fire: Agni Ki Udaan | ????? ?? ????? | The Inspiring Journey of Dr. APJ Abdul Kalam | An Autobiography | Book in Hindi
2024-06-20 00:47:59,458 - Compare Data and Generate Report - INFO - The Book 18 Price is 199
2024-06-20 00:47:59,547 - Compare Data and Generate Report - INFO - The Book 18 Review Rating is 4.6 out of 5 stars
2024-06-20 00:47:59,547 - Compare Data and Generate Report - INFO - Successfully Stored Book 18 Deatils in The Key Value pair 
2024-06-20 00:47:59,623 - Compare Data and Generate Report - INFO - Successfully scroll Till Book 19 Name
2024-06-20 00:47:59,685 - Compare Data and Generate Report - INFO - The Book 19 Name is Sunderkand (Hindi)
2024-06-20 00:47:59,747 - Compare Data and Generate Report - INFO - The Book 19 Price is 129
2024-06-20 00:47:59,785 - Compare Data and Generate Report - INFO - The Book 19 Review Rating is 4.7 out of 5 stars
2024-06-20 00:47:59,786 - Compare Data and Generate Report - INFO - Successfully Stored Book 19 Deatils in The Key Value pair 
2024-06-20 00:47:59,844 - Compare Data and Generate Report - INFO - Successfully scroll Till Book 20 Name
2024-06-20 00:47:59,895 - Compare Data and Generate Report - INFO - The Book 20 Name is Godaan (Hindi)
2024-06-20 00:47:59,943 - Compare Data and Generate Report - INFO - The Book 20 Price is 179
2024-06-20 00:47:59,993 - Compare Data and Generate Report - INFO - The Book 20 Review Rating is 4.5 out of 5 stars
2024-06-20 00:47:59,994 - Compare Data and Generate Report - INFO - Successfully Stored Book 20 Deatils in The Key Value pair 
2024-06-20 00:48:00,061 - Compare Data and Generate Report - INFO - Successfully scroll Till Book 21 Name
2024-06-20 00:48:00,110 - Compare Data and Generate Report - INFO - The Book 21 Name is Twins
2024-06-20 00:48:00,173 - Compare Data and Generate Report - INFO - The Book 21 Price is 1,283
2024-06-20 00:48:00,217 - Compare Data and Generate Report - INFO - The Book 21 Review Rating is 3.0 out of 5 stars
2024-06-20 00:48:00,217 - Compare Data and Generate Report - INFO - Successfully Stored Book 21 Deatils in The Key Value pair 
2024-06-20 00:48:00,268 - Compare Data and Generate Report - INFO - Successfully scroll Till Book 22 Name
2024-06-20 00:48:00,324 - Compare Data and Generate Report - INFO - The Book 22 Name is Aapke Avchetan Mann Ki Shakti (The Power Of Your Subconscious Mind In Hindi)
2024-06-20 00:48:00,401 - Compare Data and Generate Report - INFO - The Book 22 Price is 149
2024-06-20 00:48:00,451 - Compare Data and Generate Report - INFO - The Book 22 Review Rating is 4.4 out of 5 stars
2024-06-20 00:48:00,451 - Compare Data and Generate Report - INFO - Successfully Stored Book 22 Deatils in The Key Value pair 
2024-06-20 00:48:00,895 - Compare Data and Generate Report - INFO - Successfully Written The scraped Data of Book in The Execl
2024-06-20 00:48:00,896 - Compare Data and Generate Report - INFO - Storing The Data in Json File
2024-06-20 00:48:05,347 - Compare Data and Generate Report - INFO - Successfully Written The scraped Data of Book in The Json File
]]></system-out>
    <system-err><![CDATA[SLF4J(W): No SLF4J providers were found.
SLF4J(W): Defaulting to no-operation (NOP) logger implementation
SLF4J(W): See https://www.slf4j.org/codes.html#noProviders for further details.
log4j:WARN No such property [locationINFO] in org.apache.log4j.HTMLLayout.
ERROR StatusLogger Log4j2 could not find a logging implementation. Please add log4j-core to the classpath. Using SimpleLogger to log to the console...
Jun 20, 2024 12:47:34 AM org.openqa.selenium.devtools.CdpVersionFinder findNearestMatch
WARNING: Unable to find CDP implementation matching 126
Jun 20, 2024 12:47:34 AM org.openqa.selenium.chromium.ChromiumDriver lambda$new$5
WARNING: Unable to find version of CDP to use for 126.0.6478.62. You may need to include a dependency on a specific version of the CDP using something similar to `org.seleniumhq.selenium:selenium-devtools-v86:4.17.0` where the version ("v86") matches the version of the chromium-based browser you're using and the version number of the artifact is the same as Selenium's.
log4j:WARN No such property [locationINFO] in org.apache.log4j.HTMLLayout.
log4j:WARN No such property [locationINFO] in org.apache.log4j.HTMLLayout.
]]></system-err>
  </testcase>
  <testcase name="GetTheScreenShotOfTheProductListPage" classname="com.TestScripts.TS002_GetTheDataOfProductListPageFromScreenshotUsingAppium" time="21.404">
    <system-out><![CDATA[2024-06-20 00:48:07,416 - Compare Data and Generate Report - INFO - Successfully Verifyed The Choose Your Language is pesent
2024-06-20 00:48:08,405 - Compare Data and Generate Report - INFO - Sucessfully Tapped on Select English Option
2024-06-20 00:48:09,753 - Compare Data and Generate Report - INFO - Sucessfully Tapped on Continue Button
2024-06-20 00:48:10,821 - Compare Data and Generate Report - INFO - Sucessfully Tapped on Skip Sign In Option
2024-06-20 00:48:12,269 - Compare Data and Generate Report - INFO - Sucessfully verifyed Element Is Having Search Amazon.in Text
2024-06-20 00:48:13,440 - Compare Data and Generate Report - INFO - Sucessfully Tapped on Search TextField
2024-06-20 00:48:15,590 - Compare Data and Generate Report - INFO - Sucessfully Entered Hindi Books into Search Textfield
2024-06-20 00:48:16,753 - Compare Data and Generate Report - INFO - Sucessfully Pressed enter key in android keyboard
2024-06-20 00:48:19,350 - Compare Data and Generate Report - INFO - Sucessfully swiped 3 Times
2024-06-20 00:48:20,602 - Compare Data and Generate Report - INFO - Sucessfully Captchered Screenshot
2024-06-20 00:48:26,601 - Compare Data and Generate Report - INFO - Sucessfully Fatched Data From Image
2024-06-20 00:48:26,758 - Compare Data and Generate Report - INFO - Sucessfully Stored Data Into Excel
]]></system-out>
  </testcase>
  <testcase name="compareData" classname="com.TestScripts.TS003_CompareDataAndGenerateReport" time="0.236">
    <system-out><![CDATA[{Book Name1=Ajey Hum : Insano ne Kaise Jeeti Duniya - Vol 1 (Hindi of Unstoppable Us), Book Price1=499, Book Review1=3.7 out of 5 stars, Book Name2=Karamati Mann Hindi ( Translation oF The Magic Mindset ) Preeti Shenoy, Book Price2=249, Book Review2=5.0 out of 5 stars, Book Name3=Best of Hindi Short Stories (Set of 4 books) - Premchand, Jaishankar Prasad, Sarat Chandra, Rabindranath Tagore, Book Price3=404, Book Review3=4.4 out of 5 stars, Book Name4=Premchand ki Anmol Kahaniya (Hindi), Book Price4=179, Book Review4=4.3 out of 5 stars, Book Name5=Dark Psychology Secrets & Manipulation (Hindi Edition), Book Price5=128, Book Review5=3.9 out of 5 stars, Book Name6=JEEVAN KE ADHBHUT RAHASYA (HINDI), Book Price6=149, Book Review6=4.5 out of 5 stars, Book Name7=Time Management (Hindi), Book Price7=108, Book Review7=4.4 out of 5 stars, Book Name8=Hindi | Stop Overthinking | स्टॉप ओवरथिंकिंग | ज़्यादा सोचना बंद कीजिए | Nick Trenton, Book Price8=184, Book Review8=4.1 out of 5 stars, Book Name9=Aapke Avchetan Mann Ki Shakti (The Power Of Your Subconscious Mind In Hindi), Book Price9=149, Book Review9=4.4 out of 5 stars, Book Name10=Swami Vivekanand (Set of 4 Books) (Hindi) - Karmyog, Rajyog, Gyanyog, Bhaktiyog, Book Price10=425, Book Review10=4.6 out of 5 stars, Book Name11=Think and Grow Rich: THE 21st CENTURY EDITION, Book Price11=139, Book Review11=4.5 out of 5 stars, Book Name12=Unfollow, Book Price12=1,424, Book Review12=4.5 out of 5 stars, Book Name13=108 Stories from the Vedas, the Puranas and the Upanishads for Children (Illustrated) (Hindi) - Story Book for Kids - Bedtime Stories - 4 Years to 10 Years Old - Hindi Stories for Children - Read Aloud to Infants, Toddlers, Book Price13=133, Book Review13=4.4 out of 5 stars, Book Name14=Anandamath (Hindi), Book Price14=119, Book Review14=4.5 out of 5 stars, Book Name15=Premchand Ki Shreshth Kahaniyan (Hindi), Book Price15=159, Book Review15=4.3 out of 5 stars, Book Name16=Rashmirathi (Jnanpith Award Winner, 1972) - Hindi, Book Price16=195, Book Review16=4.7 out of 5 stars, Book Name17=Ikigai (Hindi), Book Price17=284, Book Review17=4.5 out of 5 stars, Book Name18=Wings of Fire: Agni Ki Udaan | अग्नि की उड़ान | The Inspiring Journey of Dr. APJ Abdul Kalam | An Autobiography | Book in Hindi, Book Price18=199, Book Review18=4.6 out of 5 stars, Book Name19=Sunderkand (Hindi), Book Price19=129, Book Review19=4.7 out of 5 stars, Book Name20=Godaan (Hindi), Book Price20=179, Book Review20=4.5 out of 5 stars, Book Name21=Twins, Book Price21=1,283, Book Review21=3.0 out of 5 stars, Book Name22=Aapke Avchetan Mann Ki Shakti (The Power Of Your Subconscious Mind In Hindi), Book Price22=149, Book Review22=4.4 out of 5 stars}
a
Q_ Hindi Books (0)
Best of Hindi Short Stories
(Set of 4 books) - Premchand,
At Jaishankar Prasad, Sarat...
a cee con Hindi Edition | by Various Authors
A eo et | 1 September 2020
2h et Kaa 755)
, —_ 5 9 @©6 Paperback
TAs Gea 2404 map: 2625 (35% off)
~ AE si ce
WN oe vprime
FREE delivery Sat, 22 Jun on 7499
of items fulfilled by Amazon
Or fastest delivery Today
Premchand ki Anmol
Kahaniya (Hindi)
Hindi Edition | by Munshi
Premchand | 1 March 2022
We 8 a3 ttt dt (214)
UCHICE Paperback
: ae if 2179 map: 2249 (28% off)
ge othe /
—— ae Yo
a __—CEFREE delivery Sat, 22 Jun on 2499
of items fulfilled by Amazon
Or fastest delivery Today
1 Other format: Kindle Edition
SD
a & FW =
= O JJ

Comparison Report:
Book Name, Selenium Data, OCR Data, Status
Book Name12, Unfollow, N/A, Not found in OCR Data
Book Name11, Think and Grow Rich: THE 21st CENTURY EDITION, N/A, Not found in OCR Data
Book Name10, Swami Vivekanand (Set of 4 Books) (Hindi) - Karmyog, N/A, Not found in OCR Data
Book Name16, Rashmirathi (Jnanpith Award Winner, N/A, Not found in OCR Data
Book Name15, Premchand Ki Shreshth Kahaniyan (Hindi), N/A, Not found in OCR Data
Book Price19, 129, N/A, Not found in OCR Data
Book Name14, Anandamath (Hindi), N/A, Not found in OCR Data
Book Price18, 199, N/A, Not found in OCR Data
Book Name13, 108 Stories from the Vedas, N/A, Not found in OCR Data
Book Price17, 284, N/A, Not found in OCR Data
Book Price16, 195, N/A, Not found in OCR Data
Book Price15, 159, N/A, Not found in OCR Data
Book Name19, Sunderkand (Hindi), N/A, Not found in OCR Data
Book Price14, 119, N/A, Not found in OCR Data
Book Name18, Wings of Fire: Agni Ki Udaan | अग्नि की उड़ान | The Inspiring Journey of Dr. APJ Abdul Kalam | An Autobiography | Book in Hindi, N/A, Not found in OCR Data
Book Price13, 133, N/A, Not found in OCR Data
Book Name17, Ikigai (Hindi), N/A, Not found in OCR Data
Book Price12, 1, N/A, Not found in OCR Data
Book Price11, 139, N/A, Not found in OCR Data
Book Price10, 425, N/A, Not found in OCR Data
Book Name6, JEEVAN KE ADHBHUT RAHASYA (HINDI), N/A, Not found in OCR Data
Book Name7, Time Management (Hindi), N/A, Not found in OCR Data
Book Name8, Hindi | Stop Overthinking | स्टॉप ओवरथिंकिंग | ज़्यादा सोचना बंद कीजिए | Nick Trenton, N/A, Not found in OCR Data
Book Name9, Aapke Avchetan Mann Ki Shakti (The Power Of Your Subconscious Mind In Hindi), N/A, Not found in OCR Data
Book Name2, Karamati Mann Hindi ( Translation oF The Magic Mindset ) Preeti Shenoy, N/A, Not found in OCR Data
Book Name3, Best of Hindi Short Stories (Set of 4 books) - Premchand, N/A, Not found in OCR Data
Book Name4, Premchand ki Anmol Kahaniya (Hindi), N/A, Not found in OCR Data
Book Name5, Dark Psychology Secrets & Manipulation (Hindi Edition), N/A, Not found in OCR Data
Book Name22, Aapke Avchetan Mann Ki Shakti (The Power Of Your Subconscious Mind In Hindi), N/A, Not found in OCR Data
Book Name21, Twins, N/A, Not found in OCR Data
Book Name20, Godaan (Hindi), N/A, Not found in OCR Data
{Book Name1, Ajey Hum : Insano ne Kaise Jeeti Duniya - Vol 1 (Hindi of Unstoppable Us), N/A, Not found in OCR Data
Book Price1, 499, N/A, Not found in OCR Data
Book Review10, 4.6 out of 5 stars, N/A, Not found in OCR Data
Book Review11, 4.5 out of 5 stars, N/A, Not found in OCR Data
Book Review12, 4.5 out of 5 stars, N/A, Not found in OCR Data
Book Review13, 4.4 out of 5 stars, N/A, Not found in OCR Data
Book Review14, 4.5 out of 5 stars, N/A, Not found in OCR Data
Book Review15, 4.3 out of 5 stars, N/A, Not found in OCR Data
Book Review16, 4.7 out of 5 stars, N/A, Not found in OCR Data
Book Review17, 4.5 out of 5 stars, N/A, Not found in OCR Data
Book Review18, 4.6 out of 5 stars, N/A, Not found in OCR Data
Book Review19, 4.7 out of 5 stars, N/A, Not found in OCR Data
Book Review20, 4.5 out of 5 stars, N/A, Not found in OCR Data
Book Price22, 149, N/A, Not found in OCR Data
Book Price21, 1, N/A, Not found in OCR Data
Book Review21, 3.0 out of 5 stars, N/A, Not found in OCR Data
Book Price20, 179, N/A, Not found in OCR Data
Book Review22, 4.4 out of 5 stars}, N/A, Not found in OCR Data
Book Review5, 3.9 out of 5 stars, N/A, Not found in OCR Data
Book Review6, 4.5 out of 5 stars, N/A, Not found in OCR Data
Book Review3, 4.4 out of 5 stars, N/A, Not found in OCR Data
Book Review4, 4.3 out of 5 stars, N/A, Not found in OCR Data
Book Review1, 3.7 out of 5 stars, N/A, Not found in OCR Data
Book Review2, 5.0 out of 5 stars, N/A, Not found in OCR Data
Book Price4, 179, N/A, Not found in OCR Data
Book Price5, 128, N/A, Not found in OCR Data
Book Price2, 249, N/A, Not found in OCR Data
Book Price3, 404, N/A, Not found in OCR Data
Book Price8, 184, N/A, Not found in OCR Data
Book Review9, 4.4 out of 5 stars, N/A, Not found in OCR Data
Book Price9, 149, N/A, Not found in OCR Data
Book Price6, 149, N/A, Not found in OCR Data
Book Review7, 4.4 out of 5 stars, N/A, Not found in OCR Data
Book Price7, 108, N/A, Not found in OCR Data
Book Review8, 4.1 out of 5 stars, N/A, Not found in OCR Data

2024-06-20 00:48:26,992 - Compare Data and Generate Report - INFO - Comparison report saved to file: comparison_report.txt
2024-06-20 00:48:26,992 - Compare Data and Generate Report - INFO - Comparison summary:
2024-06-20 00:48:26,992 - Compare Data and Generate Report - INFO - Total entries found: 0
2024-06-20 00:48:26,993 - Compare Data and Generate Report - INFO - Total entries not found: 66
]]></system-out>
  </testcase>
</testsuite>