<?xml version="1.0" encoding="UTF-8"?>
<!-- Generated by org.testng.reporters.JUnitXMLReporter -->
<testsuite ignored="0" hostname="TYSS-Manoj" failures="0" tests="3" name="Compare Selenium Data with Appium OCR Data" time="4.517" errors="0" timestamp="2024-06-20T00:54:42 IST">
  <testcase classname="com.TestScripts.TS001_GetTheSearchedHindiBookNamePriceRatingInSeleniumWedAutomation" name="@BeforeTest open_Browser_And_Navigate_To_Amazon_Website" time="4.362">
    <failure type="java.lang.NullPointerException">
      <![CDATA[java.lang.NullPointerException
at java.base/java.util.Objects.requireNonNull(Objects.java:208)
at java.base/java.util.ImmutableCollections$Map1.<init>(ImmutableCollections.java:1105)
at java.base/java.util.Map.of(Map.java:1353)
at org.openqa.selenium.remote.DriverCommand.GET(DriverCommand.java:180)
at org.openqa.selenium.remote.RemoteWebDriver.get(RemoteWebDriver.java:301)
at com.TestScripts.TS001_GetTheSearchedHindiBookNamePriceRatingInSeleniumWedAutomation.open_Browser_And_Navigate_To_Amazon_Website(TS001_GetTheSearchedHindiBookNamePriceRatingInSeleniumWedAutomation.java:33)
... Removed 24 stack frames]]>
    </failure>
  </testcase> <!-- @BeforeTest open_Browser_And_Navigate_To_Amazon_Website -->
  <testcase classname="com.TestScripts.TS002_GetTheDataOfProductListPageFromScreenshotUsingAppium" name="@BeforeTest OpenTheAmazonApplication" time="0.0">
    <skipped/>
  </testcase> <!-- @BeforeTest OpenTheAmazonApplication -->
  <testcase classname="com.TestScripts.TS003_CompareDataAndGenerateReport" name="@BeforeTest setup" time="0.0">
    <skipped/>
  </testcase> <!-- @BeforeTest setup -->
  <testcase classname="com.TestScripts.TS001_GetTheSearchedHindiBookNamePriceRatingInSeleniumWedAutomation" name="@AfterTest TearDownTheDriver" time="0.0">
    <skipped/>
  </testcase> <!-- @AfterTest TearDownTheDriver -->
  <testcase classname="com.TestScripts.TS002_GetTheDataOfProductListPageFromScreenshotUsingAppium" name="@AfterTest CloseTheApplication" time="0.0">
    <skipped/>
  </testcase> <!-- @AfterTest CloseTheApplication -->
  <testcase classname="com.TestScripts.TS003_CompareDataAndGenerateReport" name="@AfterTest teardown" time="0.0">
    <skipped/>
  </testcase> <!-- @AfterTest teardown -->
  <testcase classname="com.TestScripts.TS001_GetTheSearchedHindiBookNamePriceRatingInSeleniumWedAutomation" name="get_All_The_BooksName_Price_Review_In_Product_List_Page" time="0.0">
    <skipped/>
  </testcase> <!-- get_All_The_BooksName_Price_Review_In_Product_List_Page -->
  <testcase classname="com.TestScripts.TS002_GetTheDataOfProductListPageFromScreenshotUsingAppium" name="GetTheScreenShotOfTheProductListPage" time="0.0">
    <skipped/>
  </testcase> <!-- GetTheScreenShotOfTheProductListPage -->
  <testcase classname="com.TestScripts.TS003_CompareDataAndGenerateReport" name="compareData" time="0.0">
    <skipped/>
  </testcase> <!-- compareData -->
</testsuite> <!-- Compare Selenium Data with Appium OCR Data -->
