<?xml version="1.0" encoding="UTF-8"?>
<!-- Generated by org.testng.reporters.JUnitXMLReporter -->
<testsuite ignored="0" hostname="TYSS-Manoj" failures="0" tests="3" name="Compare Selenium Data with Appium OCR Data" time="58.359" errors="0" timestamp="2024-06-20T00:48:28 IST">
  <testcase classname="com.TestScripts.TS001_GetTheSearchedHindiBookNamePriceRatingInSeleniumWedAutomation" name="get_All_The_BooksName_Price_Review_In_Product_List_Page" time="16.103"/>
  <testcase classname="com.TestScripts.TS002_GetTheDataOfProductListPageFromScreenshotUsingAppium" name="GetTheScreenShotOfTheProductListPage" time="21.402"/>
  <testcase classname="com.TestScripts.TS003_CompareDataAndGenerateReport" name="compareData" time="0.222"/>
</testsuite> <!-- Compare Selenium Data with Appium OCR Data -->
